Traceback (most recent call last):
  File "/Users/GNPMobile/Desktop/CSE474/compilers_group9/proj6/code_generator.py", line 345, in _get_sym_table_entry
    id_dict = self.sym_table[ident]
KeyError: 'x'

During handling of the above exception, another exception occurred:

Traceback (most recent call last):
  File "compiler.py", line 31, in <module>
    compiler(args.source_file, args.token_file, args.output_file, args.debug_mode, args.safe_mode)
  File "compiler.py", line 11, in compiler
    CodeGenerator(Parser(is_debug).parse(source, tokens), output, is_debug, is_safe).compile()
  File "/Users/GNPMobile/Desktop/CSE474/compilers_group9/proj6/code_generator.py", line 180, in compile
    self._traverse(self.tree)
  File "/Users/GNPMobile/Desktop/CSE474/compilers_group9/proj6/code_generator.py", line 263, in _traverse
    self._traverse(child)
  File "/Users/GNPMobile/Desktop/CSE474/compilers_group9/proj6/code_generator.py", line 263, in _traverse
    self._traverse(child)
  File "/Users/GNPMobile/Desktop/CSE474/compilers_group9/proj6/code_generator.py", line 260, in _traverse
    self.func_factory[child.label](tree.children)
  File "/Users/GNPMobile/Desktop/CSE474/compilers_group9/proj6/code_generator.py", line 458, in _write
    var_reg, var_type, var_token = self._process_expr_bool(expr.children)
  File "/Users/GNPMobile/Desktop/CSE474/compilers_group9/proj6/code_generator.py", line 866, in _process_expr_bool
    return self._process_expr_skeleton(tree_nodes, getattr(self, '_process_term_bool'), expr_bool_body)
  File "/Users/GNPMobile/Desktop/CSE474/compilers_group9/proj6/code_generator.py", line 799, in _process_expr_skeleton
    return children_function(children[0].children)
  File "/Users/GNPMobile/Desktop/CSE474/compilers_group9/proj6/code_generator.py", line 915, in _process_term_bool
    return self._process_expr_skeleton(tree_nodes, getattr(self, '_process_expr_eq'), term_bool_body)
  File "/Users/GNPMobile/Desktop/CSE474/compilers_group9/proj6/code_generator.py", line 799, in _process_expr_skeleton
    return children_function(children[0].children)
  File "/Users/GNPMobile/Desktop/CSE474/compilers_group9/proj6/code_generator.py", line 963, in _process_expr_eq
    return self._process_expr_skeleton(tree_nodes, getattr(self, '_process_expr_rel'), expr_eq_body)
  File "/Users/GNPMobile/Desktop/CSE474/compilers_group9/proj6/code_generator.py", line 799, in _process_expr_skeleton
    return children_function(children[0].children)
  File "/Users/GNPMobile/Desktop/CSE474/compilers_group9/proj6/code_generator.py", line 1037, in _process_expr_rel
    return self._process_expr_skeleton(tree_nodes, getattr(self, '_process_expr_arith'), expr_rel_body)
  File "/Users/GNPMobile/Desktop/CSE474/compilers_group9/proj6/code_generator.py", line 799, in _process_expr_skeleton
    return children_function(children[0].children)
  File "/Users/GNPMobile/Desktop/CSE474/compilers_group9/proj6/code_generator.py", line 1134, in _process_expr_arith
    return self._process_expr_skeleton(tree_nodes, getattr(self, '_process_term_arith'), expr_arith_body)
  File "/Users/GNPMobile/Desktop/CSE474/compilers_group9/proj6/code_generator.py", line 799, in _process_expr_skeleton
    return children_function(children[0].children)
  File "/Users/GNPMobile/Desktop/CSE474/compilers_group9/proj6/code_generator.py", line 1218, in _process_term_arith
    return self._process_expr_skeleton(tree_nodes, getattr(self, '_process_fact_arith'), term_arith_body)
  File "/Users/GNPMobile/Desktop/CSE474/compilers_group9/proj6/code_generator.py", line 799, in _process_expr_skeleton
    return children_function(children[0].children)
  File "/Users/GNPMobile/Desktop/CSE474/compilers_group9/proj6/code_generator.py", line 1265, in _process_fact_arith
    return self._process_term_unary(fact_children[0])
  File "/Users/GNPMobile/Desktop/CSE474/compilers_group9/proj6/code_generator.py", line 1289, in _process_term_unary
    return self._process_id(token)
  File "/Users/GNPMobile/Desktop/CSE474/compilers_group9/proj6/code_generator.py", line 1301, in _process_id
    id_dict = self._get_sym_table_entry(ident, token)
  File "/Users/GNPMobile/Desktop/CSE474/compilers_group9/proj6/code_generator.py", line 347, in _get_sym_table_entry
    SemanticError.raise_initialization_error(id, token.line_num, token.col)
  File "/Users/GNPMobile/Desktop/CSE474/compilers_group9/proj6/errors.py", line 41, in raise_initialization_error
    'initialized before use.'.format(line, col, variable))
TypeError: non-empty format string passed to object.__format__
